[+] Containers:
 |- [+] Container: /Game/Maps/MainMap
 |   |- [+] ActorDescs:
 |   |   |- Guid:0C19E42B4E424455F833EAAFB9551184 BaseClass: NativeClass:/Script/Engine.VolumetricCloud Name:VolumetricCloud_0 Label:VolumetricCloud SpatiallyLoaded:0 Bounds:IsValid=true, Min=(X=0.000 Y=0.000 Z=820.000), Max=(X=0.000 Y=0.000 Z=820.000) RuntimeGrid:None EditorOnly:0 RuntimeOnly:0 HLODRelevant:0 ListedInSceneOutliner:1 IsMainWorldOnly:0 FolderPath:Lighting FolderGuid:963EC3EB4002CCE9759E2EBA541A873A
 |   |   |- Guid:2646015149025E5CAFA987BC691D3F46 BaseClass: NativeClass:/Script/Engine.PlayerStart Name:PlayerStart_0 Label:PlayerStart SpatiallyLoaded:0 Bounds:IsValid=true, Min=(X=860.000 Y=1070.000 Z=0.013), Max=(X=940.000 Y=1150.000 Z=184.013) RuntimeGrid:None EditorOnly:0 RuntimeOnly:0 HLODRelevant:0 ListedInSceneOutliner:1 IsMainWorldOnly:0
 |   |   |- Guid:35439A1E4CCEB256BCAF6F962826DBB8 BaseClass: NativeClass:/Script/Engine.StaticMeshActor Name:StaticMeshActor_UAID_A4AE111137DC5EFB00_1110535423 Label:SM_SkySphere SpatiallyLoaded:0 Bounds:IsValid=true, Min=(X=-1638400.000 Y=-1638400.000 Z=-1638400.000), Max=(X=1638400.000 Y=1638400.000 Z=1638400.000) RuntimeGrid:None EditorOnly:0 RuntimeOnly:0 HLODRelevant:1 ListedInSceneOutliner:1 IsMainWorldOnly:0 FolderPath:Lighting FolderGuid:963EC3EB4002CCE9759E2EBA541A873A
 |   |   |- Guid:37947087437E39AB947672A34704B6AD BaseClass: NativeClass:/Script/NavigationSystem.RecastNavMesh Name:RecastNavMesh_UAID_04D4C470C37F87D301-Default Label:RecastNavMesh-Default SpatiallyLoaded:0 Bounds:IsValid=true, Min=(X=0.000 Y=0.000 Z=0.000), Max=(X=0.000 Y=0.000 Z=0.000) RuntimeGrid:None EditorOnly:0 RuntimeOnly:0 HLODRelevant:0 ListedInSceneOutliner:1 IsMainWorldOnly:0
 |   |   |- Guid:3CAE40074D206E027F990489AFA47DAB BaseClass: NativeClass:/Script/Engine.StaticMeshActor Name:StaticMeshActor_UAID_04D4C470C37F90D301_1310993325 Label:Wall_400x301 SpatiallyLoaded:1 Bounds:IsValid=true, Min=(X=2800.000 Y=1890.000 Z=0.000), Max=(X=3200.000 Y=1910.000 Z=300.000) RuntimeGrid:None EditorOnly:0 RuntimeOnly:0 HLODRelevant:1 ListedInSceneOutliner:1 IsMainWorldOnly:0
 |   |   |- Guid:44E9B8B142D4200042CF91B0D8BE2081 BaseClass: NativeClass:/Script/Engine.StaticMeshActor Name:StaticMeshActor_UAID_04D4C470C37F90D301_1342542329 Label:Wall_400x305 SpatiallyLoaded:1 Bounds:IsValid=true, Min=(X=2800.000 Y=2690.000 Z=0.000), Max=(X=3200.000 Y=2710.000 Z=300.000) RuntimeGrid:None EditorOnly:0 RuntimeOnly:0 HLODRelevant:1 ListedInSceneOutliner:1 IsMainWorldOnly:0
 |   |   |- Guid:4A64B30F49ACAD4CFB18DC82FAD48B3B BaseClass: NativeClass:/Script/Engine.StaticMeshActor Name:StaticMeshActor_1 Label:SM_Cube SpatiallyLoaded:1 Bounds:IsValid=true, Min=(X=0.000 Y=0.000 Z=-50.000), Max=(X=5000.000 Y=5000.000 Z=0.000) RuntimeGrid:None EditorOnly:0 RuntimeOnly:0 HLODRelevant:1 ListedInSceneOutliner:1 IsMainWorldOnly:0 FolderPath:Playground FolderGuid:C73F09FC4215536B1DCE2A9E0A830C70
 |   |   |- Guid:56826B7F4EFF6C2B62824AB2E299CA47 BaseClass: NativeClass:/Script/NavigationSystem.NavMeshBoundsVolume Name:NavMeshBoundsVolume_UAID_04D4C470C37F87D301_1691415741 Label:NavMeshBoundsVolume SpatiallyLoaded:0 Bounds:IsValid=true, Min=(X=-950.000 Y=-950.000 Z=-450.000), Max=(X=6050.000 Y=6050.000 Z=250.000) RuntimeGrid:None EditorOnly:0 RuntimeOnly:0 HLODRelevant:0 ListedInSceneOutliner:1 IsMainWorldOnly:0
 |   |   |- Guid:5E6E84E6412257E5F3CAB28259B83E3F BaseClass: NativeClass:/Script/Engine.StaticMeshActor Name:StaticMeshActor_UAID_04D4C470C37F90D301_1163690323 Label:Wall_400x300 SpatiallyLoaded:1 Bounds:IsValid=true, Min=(X=2400.000 Y=1890.000 Z=0.000), Max=(X=2800.000 Y=1910.000 Z=300.000) RuntimeGrid:None EditorOnly:0 RuntimeOnly:0 HLODRelevant:1 ListedInSceneOutliner:1 IsMainWorldOnly:0
 |   |   |- Guid:630EAB7D43CF724F1ACBCBBC7BAEC19F BaseClass: NativeClass:/Script/Engine.SkyLight Name:SkyLight_1 Label:SkyLight SpatiallyLoaded:0 Bounds:IsValid=true, Min=(X=0.000 Y=0.000 Z=690.000), Max=(X=0.000 Y=0.000 Z=690.000) RuntimeGrid:None EditorOnly:0 RuntimeOnly:0 HLODRelevant:0 ListedInSceneOutliner:1 IsMainWorldOnly:0 FolderPath:Lighting FolderGuid:963EC3EB4002CCE9759E2EBA541A873A
 |   |   |- Guid:6499D6574B179BD3BA4D1683DE8E5413 BaseClass: NativeClass:/Script/Engine.StaticMeshActor Name:StaticMeshActor_UAID_04D4C470C37F90D301_1342541328 Label:Wall_400x304 SpatiallyLoaded:1 Bounds:IsValid=true, Min=(X=2400.000 Y=2690.000 Z=0.000), Max=(X=2800.000 Y=2710.000 Z=300.000) RuntimeGrid:None EditorOnly:0 RuntimeOnly:0 HLODRelevant:1 ListedInSceneOutliner:1 IsMainWorldOnly:0
 |   |   |- Guid:84FB1FD2450081B0B92EAD9C77CC3216 BaseClass: NativeClass:/Script/Engine.DirectionalLight Name:DirectionalLight_0 Label:DirectionalLight SpatiallyLoaded:0 Bounds:IsValid=true, Min=(X=-4398046511104.000 Y=-4398046511104.000 Z=-4398046511104.000), Max=(X=4398046511104.000 Y=4398046511104.000 Z=4398046511104.000) RuntimeGrid:None EditorOnly:0 RuntimeOnly:0 HLODRelevant:0 ListedInSceneOutliner:1 IsMainWorldOnly:0 FolderPath:Lighting FolderGuid:963EC3EB4002CCE9759E2EBA541A873A
 |   |   |- Guid:86427B9D4E4E375806BE06BE404E1347 BaseClass: NativeClass:/Script/Engine.StaticMeshActor Name:StaticMeshActor_UAID_04D4C470C37F90D301_1338977327 Label:Wall_400x303 SpatiallyLoaded:1 Bounds:IsValid=true, Min=(X=3190.000 Y=2300.000 Z=0.000), Max=(X=3210.000 Y=2700.000 Z=300.000) RuntimeGrid:None EditorOnly:0 RuntimeOnly:0 HLODRelevant:1 ListedInSceneOutliner:1 IsMainWorldOnly:0
 |   |   |- Guid:A814F72E403C5D024594D5BB207AFD86 BaseClass: NativeClass:/Script/Engine.PostProcessVolume Name:PostProcessVolume_0 Label:PostProcessVolume SpatiallyLoaded:0 Bounds:IsValid=true, Min=(X=0.000 Y=0.000 Z=400.000), Max=(X=200.000 Y=200.000 Z=600.000) RuntimeGrid:None EditorOnly:0 RuntimeOnly:0 HLODRelevant:0 ListedInSceneOutliner:1 IsMainWorldOnly:0 FolderPath:Lighting FolderGuid:963EC3EB4002CCE9759E2EBA541A873A
 |   |   |- Guid:AFB7809E4D03FD90617C7F837802F560 BaseClass: NativeClass:/Script/Engine.SkyAtmosphere Name:SkyAtmosphere_0 Label:SkyAtmosphere SpatiallyLoaded:0 Bounds:IsValid=true, Min=(X=0.000 Y=0.000 Z=1020.000), Max=(X=0.000 Y=0.000 Z=1020.000) RuntimeGrid:None EditorOnly:0 RuntimeOnly:0 HLODRelevant:0 ListedInSceneOutliner:1 IsMainWorldOnly:0 FolderPath:Lighting FolderGuid:963EC3EB4002CCE9759E2EBA541A873A
 |   |   |- Guid:BFC81D1E409A8AFAF12B18B5473546B0 BaseClass: NativeClass:/Script/Engine.WorldDataLayers Name:WorldDataLayers Label:WorldDataLayers SpatiallyLoaded:0 Bounds:Invalid RuntimeGrid:None EditorOnly:0 RuntimeOnly:0 HLODRelevant:0 ListedInSceneOutliner:1 IsMainWorldOnly:1
 |   |   |- Guid:E1AA68124D8AAA7E6E9C2CAA6E5C12B9 BaseClass: NativeClass:/Script/Engine.StaticMeshActor Name:StaticMeshActor_UAID_04D4C470C37F90D301_1325693326 Label:Wall_400x302 SpatiallyLoaded:1 Bounds:IsValid=true, Min=(X=3190.000 Y=1900.000 Z=0.000), Max=(X=3210.000 Y=2300.000 Z=300.000) RuntimeGrid:None EditorOnly:0 RuntimeOnly:0 HLODRelevant:1 ListedInSceneOutliner:1 IsMainWorldOnly:0
 |   |   |- Guid:E41E50D44C91EB24CDB7CF847BC12292 BaseClass: NativeClass:/Script/Engine.ExponentialHeightFog Name:ExponentialHeightFog_0 Label:ExponentialHeightFog SpatiallyLoaded:0 Bounds:IsValid=true, Min=(X=-5600.000 Y=-50.000 Z=-6850.000), Max=(X=-5600.000 Y=-50.000 Z=-6850.000) RuntimeGrid:None EditorOnly:0 RuntimeOnly:0 HLODRelevant:0 ListedInSceneOutliner:1 IsMainWorldOnly:0 FolderPath:Lighting FolderGuid:963EC3EB4002CCE9759E2EBA541A873A
 |   |   |- Guid:F91670DF4099B743E47865B2D82886CE BaseClass:/Game/ThirdPerson/Blueprints/BP_ThirdPersonCharacter.BP_ThirdPersonCharacter_C NativeClass:/Script/Engine.Character Name:BP_ThirdPersonCharacter_C_UAID_04D4C470C37F90D301_1235442324 Label:BP_ThirdPersonCharacter SpatiallyLoaded:1 Bounds:IsValid=true, Min=(X=2565.000 Y=2065.000 Z=-0.146), Max=(X=2637.591 Y=2135.000 Z=180.336) RuntimeGrid:None EditorOnly:0 RuntimeOnly:0 HLODRelevant:0 ListedInSceneOutliner:1 IsMainWorldOnly:0
 |   |- [+] Clusters:
 |   |   |- [+] [  0]
 |   |   |   |- Guid:0C19E42B4E424455F833EAAFB9551184 BaseClass: NativeClass:/Script/Engine.VolumetricCloud Name:VolumetricCloud_0 Label:VolumetricCloud SpatiallyLoaded:0 Bounds:IsValid=true, Min=(X=0.000 Y=0.000 Z=820.000), Max=(X=0.000 Y=0.000 Z=820.000) RuntimeGrid:None EditorOnly:0 RuntimeOnly:0 HLODRelevant:0 ListedInSceneOutliner:1 IsMainWorldOnly:0 FolderPath:Lighting FolderGuid:963EC3EB4002CCE9759E2EBA541A873A
 |   |   |- [+] [  1]
 |   |   |   |- Guid:2646015149025E5CAFA987BC691D3F46 BaseClass: NativeClass:/Script/Engine.PlayerStart Name:PlayerStart_0 Label:PlayerStart SpatiallyLoaded:0 Bounds:IsValid=true, Min=(X=860.000 Y=1070.000 Z=0.013), Max=(X=940.000 Y=1150.000 Z=184.013) RuntimeGrid:None EditorOnly:0 RuntimeOnly:0 HLODRelevant:0 ListedInSceneOutliner:1 IsMainWorldOnly:0
 |   |   |- [+] [  2]
 |   |   |   |- Guid:35439A1E4CCEB256BCAF6F962826DBB8 BaseClass: NativeClass:/Script/Engine.StaticMeshActor Name:StaticMeshActor_UAID_A4AE111137DC5EFB00_1110535423 Label:SM_SkySphere SpatiallyLoaded:0 Bounds:IsValid=true, Min=(X=-1638400.000 Y=-1638400.000 Z=-1638400.000), Max=(X=1638400.000 Y=1638400.000 Z=1638400.000) RuntimeGrid:None EditorOnly:0 RuntimeOnly:0 HLODRelevant:1 ListedInSceneOutliner:1 IsMainWorldOnly:0 FolderPath:Lighting FolderGuid:963EC3EB4002CCE9759E2EBA541A873A
 |   |   |- [+] [  3]
 |   |   |   |- Guid:37947087437E39AB947672A34704B6AD BaseClass: NativeClass:/Script/NavigationSystem.RecastNavMesh Name:RecastNavMesh_UAID_04D4C470C37F87D301-Default Label:RecastNavMesh-Default SpatiallyLoaded:0 Bounds:IsValid=true, Min=(X=0.000 Y=0.000 Z=0.000), Max=(X=0.000 Y=0.000 Z=0.000) RuntimeGrid:None EditorOnly:0 RuntimeOnly:0 HLODRelevant:0 ListedInSceneOutliner:1 IsMainWorldOnly:0
 |   |   |- [+] [  4]
 |   |   |   |- Guid:3CAE40074D206E027F990489AFA47DAB BaseClass: NativeClass:/Script/Engine.StaticMeshActor Name:StaticMeshActor_UAID_04D4C470C37F90D301_1310993325 Label:Wall_400x301 SpatiallyLoaded:1 Bounds:IsValid=true, Min=(X=2800.000 Y=1890.000 Z=0.000), Max=(X=3200.000 Y=1910.000 Z=300.000) RuntimeGrid:None EditorOnly:0 RuntimeOnly:0 HLODRelevant:1 ListedInSceneOutliner:1 IsMainWorldOnly:0
 |   |   |- [+] [  5]
 |   |   |   |- Guid:44E9B8B142D4200042CF91B0D8BE2081 BaseClass: NativeClass:/Script/Engine.StaticMeshActor Name:StaticMeshActor_UAID_04D4C470C37F90D301_1342542329 Label:Wall_400x305 SpatiallyLoaded:1 Bounds:IsValid=true, Min=(X=2800.000 Y=2690.000 Z=0.000), Max=(X=3200.000 Y=2710.000 Z=300.000) RuntimeGrid:None EditorOnly:0 RuntimeOnly:0 HLODRelevant:1 ListedInSceneOutliner:1 IsMainWorldOnly:0
 |   |   |- [+] [  6]
 |   |   |   |- Guid:4A64B30F49ACAD4CFB18DC82FAD48B3B BaseClass: NativeClass:/Script/Engine.StaticMeshActor Name:StaticMeshActor_1 Label:SM_Cube SpatiallyLoaded:1 Bounds:IsValid=true, Min=(X=0.000 Y=0.000 Z=-50.000), Max=(X=5000.000 Y=5000.000 Z=0.000) RuntimeGrid:None EditorOnly:0 RuntimeOnly:0 HLODRelevant:1 ListedInSceneOutliner:1 IsMainWorldOnly:0 FolderPath:Playground FolderGuid:C73F09FC4215536B1DCE2A9E0A830C70
 |   |   |- [+] [  7]
 |   |   |   |- Guid:56826B7F4EFF6C2B62824AB2E299CA47 BaseClass: NativeClass:/Script/NavigationSystem.NavMeshBoundsVolume Name:NavMeshBoundsVolume_UAID_04D4C470C37F87D301_1691415741 Label:NavMeshBoundsVolume SpatiallyLoaded:0 Bounds:IsValid=true, Min=(X=-950.000 Y=-950.000 Z=-450.000), Max=(X=6050.000 Y=6050.000 Z=250.000) RuntimeGrid:None EditorOnly:0 RuntimeOnly:0 HLODRelevant:0 ListedInSceneOutliner:1 IsMainWorldOnly:0
 |   |   |- [+] [  8]
 |   |   |   |- Guid:5E6E84E6412257E5F3CAB28259B83E3F BaseClass: NativeClass:/Script/Engine.StaticMeshActor Name:StaticMeshActor_UAID_04D4C470C37F90D301_1163690323 Label:Wall_400x300 SpatiallyLoaded:1 Bounds:IsValid=true, Min=(X=2400.000 Y=1890.000 Z=0.000), Max=(X=2800.000 Y=1910.000 Z=300.000) RuntimeGrid:None EditorOnly:0 RuntimeOnly:0 HLODRelevant:1 ListedInSceneOutliner:1 IsMainWorldOnly:0
 |   |   |- [+] [  9]
 |   |   |   |- Guid:630EAB7D43CF724F1ACBCBBC7BAEC19F BaseClass: NativeClass:/Script/Engine.SkyLight Name:SkyLight_1 Label:SkyLight SpatiallyLoaded:0 Bounds:IsValid=true, Min=(X=0.000 Y=0.000 Z=690.000), Max=(X=0.000 Y=0.000 Z=690.000) RuntimeGrid:None EditorOnly:0 RuntimeOnly:0 HLODRelevant:0 ListedInSceneOutliner:1 IsMainWorldOnly:0 FolderPath:Lighting FolderGuid:963EC3EB4002CCE9759E2EBA541A873A
 |   |   |- [+] [ 10]
 |   |   |   |- Guid:6499D6574B179BD3BA4D1683DE8E5413 BaseClass: NativeClass:/Script/Engine.StaticMeshActor Name:StaticMeshActor_UAID_04D4C470C37F90D301_1342541328 Label:Wall_400x304 SpatiallyLoaded:1 Bounds:IsValid=true, Min=(X=2400.000 Y=2690.000 Z=0.000), Max=(X=2800.000 Y=2710.000 Z=300.000) RuntimeGrid:None EditorOnly:0 RuntimeOnly:0 HLODRelevant:1 ListedInSceneOutliner:1 IsMainWorldOnly:0
 |   |   |- [+] [ 11]
 |   |   |   |- Guid:84FB1FD2450081B0B92EAD9C77CC3216 BaseClass: NativeClass:/Script/Engine.DirectionalLight Name:DirectionalLight_0 Label:DirectionalLight SpatiallyLoaded:0 Bounds:IsValid=true, Min=(X=-4398046511104.000 Y=-4398046511104.000 Z=-4398046511104.000), Max=(X=4398046511104.000 Y=4398046511104.000 Z=4398046511104.000) RuntimeGrid:None EditorOnly:0 RuntimeOnly:0 HLODRelevant:0 ListedInSceneOutliner:1 IsMainWorldOnly:0 FolderPath:Lighting FolderGuid:963EC3EB4002CCE9759E2EBA541A873A
 |   |   |- [+] [ 12]
 |   |   |   |- Guid:86427B9D4E4E375806BE06BE404E1347 BaseClass: NativeClass:/Script/Engine.StaticMeshActor Name:StaticMeshActor_UAID_04D4C470C37F90D301_1338977327 Label:Wall_400x303 SpatiallyLoaded:1 Bounds:IsValid=true, Min=(X=3190.000 Y=2300.000 Z=0.000), Max=(X=3210.000 Y=2700.000 Z=300.000) RuntimeGrid:None EditorOnly:0 RuntimeOnly:0 HLODRelevant:1 ListedInSceneOutliner:1 IsMainWorldOnly:0
 |   |   |- [+] [ 13]
 |   |   |   |- Guid:A814F72E403C5D024594D5BB207AFD86 BaseClass: NativeClass:/Script/Engine.PostProcessVolume Name:PostProcessVolume_0 Label:PostProcessVolume SpatiallyLoaded:0 Bounds:IsValid=true, Min=(X=0.000 Y=0.000 Z=400.000), Max=(X=200.000 Y=200.000 Z=600.000) RuntimeGrid:None EditorOnly:0 RuntimeOnly:0 HLODRelevant:0 ListedInSceneOutliner:1 IsMainWorldOnly:0 FolderPath:Lighting FolderGuid:963EC3EB4002CCE9759E2EBA541A873A
 |   |   |- [+] [ 14]
 |   |   |   |- Guid:AFB7809E4D03FD90617C7F837802F560 BaseClass: NativeClass:/Script/Engine.SkyAtmosphere Name:SkyAtmosphere_0 Label:SkyAtmosphere SpatiallyLoaded:0 Bounds:IsValid=true, Min=(X=0.000 Y=0.000 Z=1020.000), Max=(X=0.000 Y=0.000 Z=1020.000) RuntimeGrid:None EditorOnly:0 RuntimeOnly:0 HLODRelevant:0 ListedInSceneOutliner:1 IsMainWorldOnly:0 FolderPath:Lighting FolderGuid:963EC3EB4002CCE9759E2EBA541A873A
 |   |   |- [+] [ 15]
 |   |   |   |- Guid:BFC81D1E409A8AFAF12B18B5473546B0 BaseClass: NativeClass:/Script/Engine.WorldDataLayers Name:WorldDataLayers Label:WorldDataLayers SpatiallyLoaded:0 Bounds:Invalid RuntimeGrid:None EditorOnly:0 RuntimeOnly:0 HLODRelevant:0 ListedInSceneOutliner:1 IsMainWorldOnly:1
 |   |   |- [+] [ 16]
 |   |   |   |- Guid:E1AA68124D8AAA7E6E9C2CAA6E5C12B9 BaseClass: NativeClass:/Script/Engine.StaticMeshActor Name:StaticMeshActor_UAID_04D4C470C37F90D301_1325693326 Label:Wall_400x302 SpatiallyLoaded:1 Bounds:IsValid=true, Min=(X=3190.000 Y=1900.000 Z=0.000), Max=(X=3210.000 Y=2300.000 Z=300.000) RuntimeGrid:None EditorOnly:0 RuntimeOnly:0 HLODRelevant:1 ListedInSceneOutliner:1 IsMainWorldOnly:0
 |   |   |- [+] [ 17]
 |   |   |   |- Guid:E41E50D44C91EB24CDB7CF847BC12292 BaseClass: NativeClass:/Script/Engine.ExponentialHeightFog Name:ExponentialHeightFog_0 Label:ExponentialHeightFog SpatiallyLoaded:0 Bounds:IsValid=true, Min=(X=-5600.000 Y=-50.000 Z=-6850.000), Max=(X=-5600.000 Y=-50.000 Z=-6850.000) RuntimeGrid:None EditorOnly:0 RuntimeOnly:0 HLODRelevant:0 ListedInSceneOutliner:1 IsMainWorldOnly:0 FolderPath:Lighting FolderGuid:963EC3EB4002CCE9759E2EBA541A873A
 |   |   |- [+] [ 18]
 |   |   |   |- Guid:F91670DF4099B743E47865B2D82886CE BaseClass:/Game/ThirdPerson/Blueprints/BP_ThirdPersonCharacter.BP_ThirdPersonCharacter_C NativeClass:/Script/Engine.Character Name:BP_ThirdPersonCharacter_C_UAID_04D4C470C37F90D301_1235442324 Label:BP_ThirdPersonCharacter SpatiallyLoaded:1 Bounds:IsValid=true, Min=(X=2565.000 Y=2065.000 Z=-0.146), Max=(X=2637.591 Y=2135.000 Z=180.336) RuntimeGrid:None EditorOnly:0 RuntimeOnly:0 HLODRelevant:0 ListedInSceneOutliner:1 IsMainWorldOnly:0
 |- ContainerInstances:
 |- [+] MainContainer:
 |   |-        ID: 00000000000000000000000000000000
 |   |-  ParentID: 00000000000000000000000000000000
 |   |-    Bounds: IsValid=false, Min=(X=0.000 Y=0.000 Z=0.000), Max=(X=0.000 Y=0.000 Z=0.000)
 |   |- Transform: 0.000000,0.000000,0.000000|0.000000,0.000000,-0.000000|1.000000,1.000000,1.000000
 |   |- Container: /Game/Maps/MainMap
----------------------------------------------------------------------------------------------------------------
MainMap - Persistent Level
----------------------------------------------------------------------------------------------------------------
[+] Content of MainMap Persistent Level
 |- Always loaded Actor Count: 26 
 |- Actor Path: /Game/Maps/MainMap.MainMap:PersistentLevel.AbstractNavData-Default
 |- Actor Package: /Game/Maps/MainMap
 |- Actor Path: /Game/Maps/MainMap.MainMap:PersistentLevel.BP_ThirdPersonCharacter_C_UAID_04D4C470C37F90D301_1235442324
 |- Actor Package: /Game/__ExternalActors__/Maps/MainMap/4/TX/V0ZQJBRA2K4VZK7ZAMN5RB
 |- Actor Path: /Game/Maps/MainMap.MainMap:PersistentLevel.Brush_0
 |- Actor Package: /Game/Maps/MainMap
 |- Actor Path: /Game/Maps/MainMap.MainMap:PersistentLevel.DefaultPhysicsVolume_0
 |- Actor Package: /Game/Maps/MainMap
 |- Actor Path: /Game/Maps/MainMap.MainMap:PersistentLevel.DirectionalLight_0
 |- Actor Package: /Game/__ExternalActors__/Maps/MainMap/B/IU/FVJCQCOAD4NGO3X2ZNQREP
 |- Actor Path: /Game/Maps/MainMap.MainMap:PersistentLevel.ExponentialHeightFog_0
 |- Actor Package: /Game/__ExternalActors__/Maps/MainMap/8/0P/ATPBUIUB6E5IWJ4KEP73QI
 |- Actor Path: /Game/Maps/MainMap.MainMap:PersistentLevel.GameplayDebuggerPlayerManager_0
 |- Actor Package: /Game/Maps/MainMap
 |- Actor Path: /Game/Maps/MainMap.MainMap:PersistentLevel.NavMeshBoundsVolume_UAID_04D4C470C37F87D301_1691415741
 |- Actor Package: /Game/__ExternalActors__/Maps/MainMap/F/0F/7CTWATW7JBB8I9N59QBVX9
 |- Actor Path: /Game/Maps/MainMap.MainMap:PersistentLevel.PlayerStart_0
 |- Actor Package: /Game/__ExternalActors__/Maps/MainMap/B/ZN/9JW0CMKNETKY7VESVB99H2
 |- Actor Path: /Game/Maps/MainMap.MainMap:PersistentLevel.PostProcessVolume_0
 |- Actor Package: /Game/__ExternalActors__/Maps/MainMap/6/HM/VZDXL9N765TZMVJATQKW9G
 |- Actor Path: /Game/Maps/MainMap.MainMap:PersistentLevel.RecastNavMesh_UAID_04D4C470C37F87D301-Default
 |- Actor Package: /Game/__ExternalActors__/Maps/MainMap/4/DH/2LLK6ZFSXUSGSDKDKYFPAL
 |- Actor Path: /Game/Maps/MainMap.MainMap:PersistentLevel.SkyAtmosphere_0
 |- Actor Package: /Game/__ExternalActors__/Maps/MainMap/0/99/BRKNEPQXSYLA5RZV3VM19R
 |- Actor Path: /Game/Maps/MainMap.MainMap:PersistentLevel.SkyLight_1
 |- Actor Package: /Game/__ExternalActors__/Maps/MainMap/5/R5/5ZFDJVU6P0ATC3K16YRURP
 |- Actor Path: /Game/Maps/MainMap.MainMap:PersistentLevel.StaticMeshActor_1
 |- Actor Package: /Game/__ExternalActors__/Maps/MainMap/4/9Y/YMB1ZF6DZ5UEDO7RLMEM10
 |- Actor Path: /Game/Maps/MainMap.MainMap:PersistentLevel.StaticMeshActor_UAID_04D4C470C37F90D301_1163690323
 |- Actor Package: /Game/__ExternalActors__/Maps/MainMap/A/KR/WT1J624KKC8MK0FGNBD27I
 |- Actor Path: /Game/Maps/MainMap.MainMap:PersistentLevel.StaticMeshActor_UAID_04D4C470C37F90D301_1310993325
 |- Actor Package: /Game/__ExternalActors__/Maps/MainMap/4/FQ/0HMS3MJ06MOQ7NOKJZWKTS
 |- Actor Path: /Game/Maps/MainMap.MainMap:PersistentLevel.StaticMeshActor_UAID_04D4C470C37F90D301_1325693326
 |- Actor Package: /Game/__ExternalActors__/Maps/MainMap/6/M8/ZKFBL8P8T94ZTCK9DMYLYK
 |- Actor Path: /Game/Maps/MainMap.MainMap:PersistentLevel.StaticMeshActor_UAID_04D4C470C37F90D301_1338977327
 |- Actor Package: /Game/__ExternalActors__/Maps/MainMap/2/EX/NM30C5HM4LJAE7817OZ0HG
 |- Actor Path: /Game/Maps/MainMap.MainMap:PersistentLevel.StaticMeshActor_UAID_04D4C470C37F90D301_1342541328
 |- Actor Package: /Game/__ExternalActors__/Maps/MainMap/7/6Z/3I7BZJOCTI0FQ50125S233
 |- Actor Path: /Game/Maps/MainMap.MainMap:PersistentLevel.StaticMeshActor_UAID_04D4C470C37F90D301_1342542329
 |- Actor Package: /Game/__ExternalActors__/Maps/MainMap/9/WM/FPD3BV7Y0SG4HEISEBH6CV
 |- Actor Path: /Game/Maps/MainMap.MainMap:PersistentLevel.StaticMeshActor_UAID_A4AE111137DC5EFB00_1110535423
 |- Actor Package: /Game/__ExternalActors__/Maps/MainMap/5/3A/2Q5HNYLJ80Y9SWAIM8QUJB
 |- Actor Path: /Game/Maps/MainMap.MainMap:PersistentLevel.ThirdPersonMap1_C_1
 |- Actor Package: /Game/Maps/MainMap
 |- Actor Path: /Game/Maps/MainMap.MainMap:PersistentLevel.VolumetricCloud_0
 |- Actor Package: /Game/__ExternalActors__/Maps/MainMap/E/XI/BKATM6AX60MUN9R31MEB5O
 |- Actor Path: /Game/Maps/MainMap.MainMap:PersistentLevel.WorldDataLayers
 |- Actor Package: /Game/__ExternalActors__/Maps/MainMap/D/B2/XP07RE0E4IEB7CK2W3YEXE
 |- Actor Path: /Game/Maps/MainMap.MainMap:PersistentLevel.WorldInfo_0
 |- Actor Package: /Game/Maps/MainMap
 |- Actor Path: /Game/Maps/MainMap.MainMap:PersistentLevel.WorldPartitionMiniMap_0
 |- Actor Package: /Game/__ExternalActors__/Maps/MainMap/A/3A/XCMMZMBTIF402DX893FXJP

----------------------------------------------------------------------------------------------------------------
MainMap - Runtime Spatial Hash - Streaming Grid - MainGrid
----------------------------------------------------------------------------------------------------------------
            Origin: X=0.000 Y=0.000 Z=0.000
         Cell Size: 12800
      World Bounds: IsValid=false, Min=(X=0.000 Y=0.000 Z=0.000), Max=(X=0.000 Y=0.000 Z=0.000)
     Loading Range: 25600.00
Block Slow Loading: No
 ClientOnlyVisible: No
            Origin: X=0.000 Y=0.000 Z=0.000

[+] Grid Levels: 1
 |- Level  0: Cell Count    0 | Cell Size   12800 | Actor Count    0 (0.0%)

[+] Content of Grid Level 0

